<?xml version="1.0" encoding="UTF-8"?>
<coverage generated="1593217044424" clover="3.2.0">
  <project timestamp="1593217044424" name="All files">
    <metrics statements="22" coveredstatements="19" conditionals="10" coveredconditionals="7" methods="3" coveredmethods="3" elements="35" coveredelements="29" complexity="0" loc="22" ncloc="22" packages="1" files="1" classes="1"/>
    <file name="galactic.js" path="/Users/pearcy/epicode2/5week/galactic-age-calc/src/galactic.js">
      <metrics statements="22" coveredstatements="19" conditionals="10" coveredconditionals="7" methods="3" coveredmethods="3"/>
      <line num="5" count="8" type="stmt"/>
      <line num="6" count="8" type="stmt"/>
      <line num="7" count="8" type="stmt"/>
      <line num="8" count="8" type="stmt"/>
      <line num="9" count="8" type="stmt"/>
      <line num="14" count="1" type="cond" truecount="3" falsecount="1"/>
      <line num="15" count="0" type="stmt"/>
      <line num="16" count="1" type="cond" truecount="3" falsecount="1"/>
      <line num="17" count="0" type="stmt"/>
      <line num="18" count="1" type="cond" truecount="1" falsecount="1"/>
      <line num="19" count="0" type="stmt"/>
      <line num="21" count="1" type="stmt"/>
      <line num="27" count="6" type="stmt"/>
      <line num="28" count="6" type="stmt"/>
      <line num="29" count="6" type="stmt"/>
      <line num="30" count="6" type="stmt"/>
      <line num="31" count="6" type="stmt"/>
      <line num="33" count="6" type="stmt"/>
      <line num="34" count="6" type="stmt"/>
      <line num="36" count="6" type="stmt"/>
      <line num="37" count="6" type="stmt"/>
      <line num="46" count="6" type="stmt"/>
    </file>
  </project>
</coverage>
