{"/Users/pearcy/epicode2/5week/galactic-age-calc/src/galactic.js": {"path":"/Users/pearcy/epicode2/5week/galactic-age-calc/src/galactic.js","statementMap":{"0":{"start":{"line":5,"column":2},"end":{"line":5,"column":21}},"1":{"start":{"line":6,"column":2},"end":{"line":6,"column":17}},"2":{"start":{"line":7,"column":2},"end":{"line":7,"column":19}},"3":{"start":{"line":8,"column":2},"end":{"line":8,"column":23}},"4":{"start":{"line":9,"column":2},"end":{"line":9,"column":19}},"5":{"start":{"line":14,"column":4},"end":{"line":22,"column":5}},"6":{"start":{"line":15,"column":6},"end":{"line":15,"column":19}},"7":{"start":{"line":16,"column":11},"end":{"line":22,"column":5}},"8":{"start":{"line":17,"column":6},"end":{"line":17,"column":19}},"9":{"start":{"line":18,"column":11},"end":{"line":22,"column":5}},"10":{"start":{"line":19,"column":6},"end":{"line":19,"column":19}},"11":{"start":{"line":21,"column":6},"end":{"line":21,"column":18}},"12":{"start":{"line":27,"column":12},"end":{"line":27,"column":30}},"13":{"start":{"line":28,"column":12},"end":{"line":28,"column":28}},"14":{"start":{"line":29,"column":12},"end":{"line":29,"column":29}},"15":{"start":{"line":30,"column":14},"end":{"line":30,"column":35}},"16":{"start":{"line":31,"column":19},"end":{"line":31,"column":32}},"17":{"start":{"line":33,"column":15},"end":{"line":33,"column":46}},"18":{"start":{"line":34,"column":17},"end":{"line":34,"column":31}},"19":{"start":{"line":36,"column":25},"end":{"line":36,"column":48}},"20":{"start":{"line":37,"column":15},"end":{"line":37,"column":69}},"21":{"start":{"line":40,"column":4},"end":{"line":44,"column":5}},"22":{"start":{"line":41,"column":6},"end":{"line":41,"column":35}},"23":{"start":{"line":43,"column":6},"end":{"line":43,"column":35}},"24":{"start":{"line":46,"column":4},"end":{"line":46,"column":28}}},"fnMap":{"0":{"name":"(anonymous_0)","decl":{"start":{"line":4,"column":2},"end":{"line":4,"column":3}},"loc":{"start":{"line":4,"column":46},"end":{"line":11,"column":3}},"line":4},"1":{"name":"(anonymous_1)","decl":{"start":{"line":13,"column":2},"end":{"line":13,"column":3}},"loc":{"start":{"line":13,"column":17},"end":{"line":23,"column":3}},"line":13},"2":{"name":"(anonymous_2)","decl":{"start":{"line":26,"column":2},"end":{"line":26,"column":3}},"loc":{"start":{"line":26,"column":17},"end":{"line":48,"column":3}},"line":26}},"branchMap":{"0":{"loc":{"start":{"line":14,"column":4},"end":{"line":22,"column":5}},"type":"if","locations":[{"start":{"line":14,"column":4},"end":{"line":22,"column":5}},{"start":{"line":14,"column":4},"end":{"line":22,"column":5}}],"line":14},"1":{"loc":{"start":{"line":14,"column":8},"end":{"line":14,"column":41}},"type":"binary-expr","locations":[{"start":{"line":14,"column":8},"end":{"line":14,"column":22}},{"start":{"line":14,"column":26},"end":{"line":14,"column":41}}],"line":14},"2":{"loc":{"start":{"line":16,"column":11},"end":{"line":22,"column":5}},"type":"if","locations":[{"start":{"line":16,"column":11},"end":{"line":22,"column":5}},{"start":{"line":16,"column":11},"end":{"line":22,"column":5}}],"line":16},"3":{"loc":{"start":{"line":16,"column":15},"end":{"line":16,"column":44}},"type":"binary-expr","locations":[{"start":{"line":16,"column":15},"end":{"line":16,"column":27}},{"start":{"line":16,"column":31},"end":{"line":16,"column":44}}],"line":16},"4":{"loc":{"start":{"line":18,"column":11},"end":{"line":22,"column":5}},"type":"if","locations":[{"start":{"line":18,"column":11},"end":{"line":22,"column":5}},{"start":{"line":18,"column":11},"end":{"line":22,"column":5}}],"line":18},"5":{"loc":{"start":{"line":40,"column":4},"end":{"line":44,"column":5}},"type":"if","locations":[{"start":{"line":40,"column":4},"end":{"line":44,"column":5}},{"start":{"line":40,"column":4},"end":{"line":44,"column":5}}],"line":40}},"s":{"0":10,"1":10,"2":10,"3":10,"4":10,"5":1,"6":0,"7":1,"8":0,"9":1,"10":0,"11":1,"12":8,"13":8,"14":8,"15":8,"16":8,"17":8,"18":8,"19":8,"20":8,"21":8,"22":4,"23":4,"24":8},"f":{"0":10,"1":1,"2":8},"b":{"0":[0,1],"1":[1,1],"2":[0,1],"3":[1,1],"4":[0,1],"5":[4,4]},"_coverageSchema":"43e27e138ebf9cfc5966b082cf9a028302ed4184","hash":"386cc5d9e56ac6ed53bdac657b863e700ba542f7"}
}
