TN:
SF:/Users/pearcy/epicode2/5week/galactic-age-calc/src/galactic.js
FN:4,(anonymous_0)
FN:13,(anonymous_1)
FN:26,(anonymous_2)
FNF:3
FNH:3
FNDA:8,(anonymous_0)
FNDA:1,(anonymous_1)
FNDA:6,(anonymous_2)
DA:5,8
DA:6,8
DA:7,8
DA:8,8
DA:9,8
DA:14,1
DA:15,0
DA:16,1
DA:17,0
DA:18,1
DA:19,0
DA:21,1
DA:27,6
DA:28,6
DA:29,6
DA:30,6
DA:31,6
DA:33,6
DA:34,6
DA:36,6
DA:37,6
DA:46,6
LF:22
LH:19
BRDA:14,0,0,0
BRDA:14,0,1,1
BRDA:14,1,0,1
BRDA:14,1,1,1
BRDA:16,2,0,0
BRDA:16,2,1,1
BRDA:16,3,0,1
BRDA:16,3,1,1
BRDA:18,4,0,0
BRDA:18,4,1,1
BRF:10
BRH:7
end_of_record
